Flow report for lab05
Sun Mar 28 11:13:11 2021
Quartus Prime Version 20.1.1 Build 720 11/11/2020 SJ Lite Edition


---------------------
; Table of Contents ;
---------------------
  1. Legal Notice
  2. Flow Summary
  3. Flow Settings
  4. Flow Non-Default Global Settings
  5. Flow Elapsed Time
  6. Flow OS Summary
  7. Flow Log
  8. Flow Messages
  9. Flow Suppressed Messages



----------------
; Legal Notice ;
----------------
Copyright (C) 2020  Intel Corporation. All rights reserved.
Your use of Intel Corporation's design tools, logic functions 
and other software and tools, and any partner logic 
functions, and any output files from any of the foregoing 
(including device programming or simulation files), and any 
associated documentation or information are expressly subject 
to the terms and conditions of the Intel Program License 
Subscription Agreement, the Intel Quartus Prime License Agreement,
the Intel FPGA IP License Agreement, or other applicable license
agreement, including, without limitation, that your use is for
the sole purpose of programming logic devices manufactured by
Intel and sold by Intel or its authorized distributors.  Please
refer to the applicable agreement for further details, at
https://fpgasoftware.intel.com/eula.



+-------------------------------------------------------------------------------+
; Flow Summary                                                                  ;
+---------------------------------+---------------------------------------------+
; Flow Status                     ; Successful - Sun Mar 28 11:13:11 2021       ;
; Quartus Prime Version           ; 20.1.1 Build 720 11/11/2020 SJ Lite Edition ;
; Revision Name                   ; lab05                                       ;
; Top-level Entity Name           ; lab05                                       ;
; Family                          ; Cyclone V                                   ;
; Device                          ; 5CEBA4F23C7                                 ;
; Timing Models                   ; Final                                       ;
; Logic utilization (in ALMs)     ; 751 / 18,480 ( 4 % )                        ;
; Total registers                 ; 775                                         ;
; Total pins                      ; 1 / 224 ( < 1 % )                           ;
; Total virtual pins              ; 0                                           ;
; Total block memory bits         ; 8,192 / 3,153,920 ( < 1 % )                 ;
; Total DSP Blocks                ; 2 / 66 ( 3 % )                              ;
; Total HSSI RX PCSs              ; 0                                           ;
; Total HSSI PMA RX Deserializers ; 0                                           ;
; Total HSSI TX PCSs              ; 0                                           ;
; Total HSSI PMA TX Serializers   ; 0                                           ;
; Total PLLs                      ; 1 / 4 ( 25 % )                              ;
; Total DLLs                      ; 0 / 4 ( 0 % )                               ;
+---------------------------------+---------------------------------------------+


+-----------------------------------------+
; Flow Settings                           ;
+-------------------+---------------------+
; Option            ; Setting             ;
+-------------------+---------------------+
; Start date & time ; 03/28/2021 11:10:22 ;
; Main task         ; Compilation         ;
; Revision Name     ; lab05               ;
+-------------------+---------------------+


+---------------------------------------------------------------------------------------------------------------------------------------------------+
; Flow Non-Default Global Settings                                                                                                                  ;
+-------------------------------------+----------------------------------------+---------------+----------------+-----------------------------------+
; Assignment Name                     ; Value                                  ; Default Value ; Entity Name    ; Section Id                        ;
+-------------------------------------+----------------------------------------+---------------+----------------+-----------------------------------+
; COMPILER_SIGNATURE_ID               ; 101564829143456.161694422108340        ; --            ; --             ; --                                ;
; EDA_GENERATE_FUNCTIONAL_NETLIST     ; Off                                    ; --            ; --             ; eda_board_design_timing           ;
; EDA_GENERATE_FUNCTIONAL_NETLIST     ; Off                                    ; --            ; --             ; eda_board_design_boundary_scan    ;
; EDA_GENERATE_FUNCTIONAL_NETLIST     ; Off                                    ; --            ; --             ; eda_board_design_signal_integrity ;
; EDA_GENERATE_FUNCTIONAL_NETLIST     ; Off                                    ; --            ; --             ; eda_board_design_symbol           ;
; EDA_OUTPUT_DATA_FORMAT              ; Verilog Hdl                            ; --            ; --             ; eda_simulation                    ;
; EDA_SIMULATION_TOOL                 ; ModelSim-Altera (Verilog)              ; <None>        ; --             ; --                                ;
; EDA_TIME_SCALE                      ; 1 ps                                   ; --            ; --             ; eda_simulation                    ;
; MAX_CORE_JUNCTION_TEMP              ; 85                                     ; --            ; --             ; --                                ;
; MIN_CORE_JUNCTION_TEMP              ; 0                                      ; --            ; --             ; --                                ;
; MISC_FILE                           ; pll_lab5_sim/pll_lab5.vo               ; --            ; --             ; --                                ;
; MISC_FILE                           ; rom_lab5_bb.v                          ; --            ; --             ; --                                ;
; MISC_FILE                           ; lab5_ram_bb.v                          ; --            ; --             ; --                                ;
; MISC_FILE                           ; rom_prog2_bb.v                         ; --            ; --             ; --                                ;
; MISC_FILE                           ; load_rom_inst.v                        ; --            ; --             ; --                                ;
; MISC_FILE                           ; load_rom_bb.v                          ; --            ; --             ; --                                ;
; MISC_FILE                           ; rom_branch_bb.v                        ; --            ; --             ; --                                ;
; MISC_FILE                           ; rom_jal_bb.v                           ; --            ; --             ; --                                ;
; MISC_FILE                           ; prog2_line_bb.v                        ; --            ; --             ; --                                ;
; MISC_FILE                           ; factorial_bb.v                         ; --            ; --             ; --                                ;
; MISC_FILE                           ; pll_lab5.cmp                           ; --            ; --             ; --                                ;
; MISC_FILE                           ; pll_slow.cmp                           ; --            ; --             ; --                                ;
; MISC_FILE                           ; pll_slow_sim/pll_slow.vo               ; --            ; --             ; --                                ;
; PARTITION_COLOR                     ; -- (Not supported for targeted family) ; --            ; DE0_CV_Default ; Top                               ;
; PARTITION_COLOR                     ; -- (Not supported for targeted family) ; --            ; --             ; Top                               ;
; PARTITION_FITTER_PRESERVATION_LEVEL ; -- (Not supported for targeted family) ; --            ; DE0_CV_Default ; Top                               ;
; PARTITION_FITTER_PRESERVATION_LEVEL ; -- (Not supported for targeted family) ; --            ; --             ; Top                               ;
; PARTITION_NETLIST_TYPE              ; -- (Not supported for targeted family) ; --            ; DE0_CV_Default ; Top                               ;
; PARTITION_NETLIST_TYPE              ; -- (Not supported for targeted family) ; --            ; --             ; Top                               ;
; POWER_BOARD_THERMAL_MODEL           ; None (CONSERVATIVE)                    ; --            ; --             ; --                                ;
; POWER_PRESET_COOLING_SOLUTION       ; 23 MM HEAT SINK WITH 200 LFPM AIRFLOW  ; --            ; --             ; --                                ;
; PROJECT_OUTPUT_DIRECTORY            ; output_files                           ; --            ; --             ; --                                ;
; SPD_FILE                            ; pll_lab5.spd                           ; --            ; --             ; --                                ;
; SPD_FILE                            ; pll_slow.spd                           ; --            ; --             ; --                                ;
; SYNTHESIS_ONLY_QIP                  ; On                                     ; --            ; --             ; --                                ;
; SYNTHESIS_ONLY_QIP                  ; On                                     ; --            ; --             ; --                                ;
+-------------------------------------+----------------------------------------+---------------+----------------+-----------------------------------+


+--------------------------------------------------------------------------------------------------------------------------+
; Flow Elapsed Time                                                                                                        ;
+----------------------+--------------+-------------------------+---------------------+------------------------------------+
; Module Name          ; Elapsed Time ; Average Processors Used ; Peak Virtual Memory ; Total CPU Time (on all processors) ;
+----------------------+--------------+-------------------------+---------------------+------------------------------------+
; Analysis & Synthesis ; 00:00:43     ; 1.0                     ; 4886 MB             ; 00:01:22                           ;
; Fitter               ; 00:01:21     ; 1.1                     ; 6396 MB             ; 00:02:33                           ;
; Assembler            ; 00:00:12     ; 1.0                     ; 4835 MB             ; 00:00:08                           ;
; Timing Analyzer      ; 00:00:17     ; 1.6                     ; 5148 MB             ; 00:00:22                           ;
; EDA Netlist Writer   ; 00:00:06     ; 1.0                     ; 4786 MB             ; 00:00:05                           ;
; Total                ; 00:02:39     ; --                      ; --                  ; 00:04:30                           ;
+----------------------+--------------+-------------------------+---------------------+------------------------------------+


+------------------------------------------------------------------------------------+
; Flow OS Summary                                                                    ;
+----------------------+------------------+------------+------------+----------------+
; Module Name          ; Machine Hostname ; OS Name    ; OS Version ; Processor type ;
+----------------------+------------------+------------+------------+----------------+
; Analysis & Synthesis ; DESKTOP-LGI5C03  ; Windows 10 ; 10.0       ; x86_64         ;
; Fitter               ; DESKTOP-LGI5C03  ; Windows 10 ; 10.0       ; x86_64         ;
; Assembler            ; DESKTOP-LGI5C03  ; Windows 10 ; 10.0       ; x86_64         ;
; Timing Analyzer      ; DESKTOP-LGI5C03  ; Windows 10 ; 10.0       ; x86_64         ;
; EDA Netlist Writer   ; DESKTOP-LGI5C03  ; Windows 10 ; 10.0       ; x86_64         ;
+----------------------+------------------+------------+------------+----------------+


------------
; Flow Log ;
------------
quartus_map --read_settings_files=on --write_settings_files=off lab05 -c lab05
quartus_fit --read_settings_files=off --write_settings_files=off lab05 -c lab05
quartus_asm --read_settings_files=off --write_settings_files=off lab05 -c lab05
quartus_sta lab05 -c lab05
quartus_eda --read_settings_files=off --write_settings_files=off lab05 -c lab05



